<?xml version="1.0" encoding="UTF-8"?>
<!-- Generated by org.testng.reporters.JUnitReportReporter -->
<testsuite hostname="MacBook-Pro-2.local" failures="0" tests="1" name="browserpackage.BrowserTest" time="6.565" errors="0" timestamp="2024-03-09T12:52:20 CST" skipped="0">
  <testcase classname="browserpackage.BrowserTest" name="testCase1" time="6.565"/>
</testsuite> <!-- browserpackage.BrowserTest -->
