<?xml version="1.0" encoding="UTF-8"?>
<!-- Generated by org.testng.reporters.JUnitReportReporter -->
<testsuite hostname="MacBook-Pro-2.local" failures="0" tests="1" name="com.ba.testcases.BALoginTestCases" time="7.078" errors="0" timestamp="2024-03-10T15:09:41 CDT" skipped="0">
  <testcase classname="com.ba.testcases.BALoginTestCases" name="testCase1" time="7.078"/>
</testsuite> <!-- com.ba.testcases.BALoginTestCases -->
